<?xml version="1.0" encoding="UTF-8"?>
<!-- Generated by org.testng.reporters.JUnitReportReporter -->
<testsuite hostname="5TS206478173ML.local" name="com.Android.Bravo.Auto_Test.TC12417_Tab" tests="1" failures="0" timestamp="17 Feb 2016 19:28:39 GMT" time="30.670" errors="0">
  <testcase name="Tab" time="30.670" classname="com.Android.Bravo.Auto_Test.TC12417_Tab"/>
</testsuite> <!-- com.Android.Bravo.Auto_Test.TC12417_Tab -->
