<?xml version="1.0" encoding="UTF-8"?>
<!-- Generated by org.testng.reporters.JUnitReportReporter -->
<testsuite hostname="5TS206478173ML.local" name="com.Android.Bravo.Auto_Test.AppTest" tests="1" failures="0" timestamp="17 Feb 2016 17:25:18 GMT" time="30.844" errors="0">
  <testcase name="Home" time="30.844" classname="com.Android.Bravo.Auto_Test.AppTest"/>
</testsuite> <!-- com.Android.Bravo.Auto_Test.AppTest -->
